<?xml version="1.0" encoding="UTF-8"?>
<!-- Generated by org.testng.reporters.JUnitXMLReporter -->
<testsuite ignored="0" hostname="user" failures="0" tests="3" name="Default test" time="21.677" errors="0" timestamp="12 Jun. 2023 17:46:34 GMT">
  <testcase classname="com.Hamneet.learningSeleniumTestScript.FirstSeleniumAssignment" name="validateRegisterUser" time="3.014"/>
  <testcase classname="com.Hamneet.learningSeleniumTestScript.FirstSeleniumAssignment" name="validateLogin" time="1.699"/>
  <testcase classname="com.Hamneet.learningSeleniumTestScript.FirstSeleniumAssignment" name="validateChangePassword" time="5.618"/>
</testsuite> <!-- Default test -->
