<?xml version="1.0" encoding="UTF-8"?>
<testng-results ignored="0" total="3" passed="3" failed="0" skipped="0">
  <reporter-output>
  </reporter-output>
  <suite started-at="2023-06-12T17:46:13Z" name="Default suite" finished-at="2023-06-12T17:46:34Z" duration-ms="21677">
    <groups>
    </groups>
    <test started-at="2023-06-12T17:46:13Z" name="Default test" finished-at="2023-06-12T17:46:34Z" duration-ms="21677">
      <class name="com.Hamneet.learningSeleniumTestScript.FirstSeleniumAssignment">
        <test-method is-config="true" signature="setup()[pri:0, instance:com.Hamneet.learningSeleniumTestScript.FirstSeleniumAssignment@2141a12]" started-at="2023-06-12T17:46:13Z" name="setup" finished-at="2023-06-12T17:46:17Z" duration-ms="3982" status="PASS">
          <reporter-output>
          </reporter-output>
        </test-method> <!-- setup -->
        <test-method signature="validateRegisterUser()[pri:1, instance:com.Hamneet.learningSeleniumTestScript.FirstSeleniumAssignment@2141a12]" started-at="2023-06-12T17:46:17Z" name="validateRegisterUser" finished-at="2023-06-12T17:46:20Z" duration-ms="3014" status="PASS">
          <reporter-output>
          </reporter-output>
        </test-method> <!-- validateRegisterUser -->
        <test-method is-config="true" signature="tearDown()[pri:0, instance:com.Hamneet.learningSeleniumTestScript.FirstSeleniumAssignment@2141a12]" started-at="2023-06-12T17:46:20Z" name="tearDown" finished-at="2023-06-12T17:46:20Z" duration-ms="105" status="PASS">
          <reporter-output>
          </reporter-output>
        </test-method> <!-- tearDown -->
        <test-method is-config="true" signature="setup()[pri:0, instance:com.Hamneet.learningSeleniumTestScript.FirstSeleniumAssignment@2141a12]" started-at="2023-06-12T17:46:20Z" name="setup" finished-at="2023-06-12T17:46:23Z" duration-ms="3522" status="PASS">
          <reporter-output>
          </reporter-output>
        </test-method> <!-- setup -->
        <test-method signature="validateLogin()[pri:2, instance:com.Hamneet.learningSeleniumTestScript.FirstSeleniumAssignment@2141a12]" started-at="2023-06-12T17:46:23Z" name="validateLogin" finished-at="2023-06-12T17:46:25Z" duration-ms="1699" status="PASS">
          <reporter-output>
          </reporter-output>
        </test-method> <!-- validateLogin -->
        <test-method is-config="true" signature="tearDown()[pri:0, instance:com.Hamneet.learningSeleniumTestScript.FirstSeleniumAssignment@2141a12]" started-at="2023-06-12T17:46:25Z" name="tearDown" finished-at="2023-06-12T17:46:25Z" duration-ms="85" status="PASS">
          <reporter-output>
          </reporter-output>
        </test-method> <!-- tearDown -->
        <test-method is-config="true" signature="setup()[pri:0, instance:com.Hamneet.learningSeleniumTestScript.FirstSeleniumAssignment@2141a12]" started-at="2023-06-12T17:46:25Z" name="setup" finished-at="2023-06-12T17:46:29Z" duration-ms="3467" status="PASS">
          <reporter-output>
          </reporter-output>
        </test-method> <!-- setup -->
        <test-method signature="validateChangePassword()[pri:3, instance:com.Hamneet.learningSeleniumTestScript.FirstSeleniumAssignment@2141a12]" started-at="2023-06-12T17:46:29Z" name="validateChangePassword" finished-at="2023-06-12T17:46:34Z" duration-ms="5618" status="PASS">
          <reporter-output>
          </reporter-output>
        </test-method> <!-- validateChangePassword -->
        <test-method is-config="true" signature="tearDown()[pri:0, instance:com.Hamneet.learningSeleniumTestScript.FirstSeleniumAssignment@2141a12]" started-at="2023-06-12T17:46:34Z" name="tearDown" finished-at="2023-06-12T17:46:34Z" duration-ms="149" status="PASS">
          <reporter-output>
          </reporter-output>
        </test-method> <!-- tearDown -->
      </class> <!-- com.Hamneet.learningSeleniumTestScript.FirstSeleniumAssignment -->
    </test> <!-- Default test -->
  </suite> <!-- Default suite -->
</testng-results>
